<?xml version="1.0" encoding="UTF-8"?>
<!-- Generated by org.testng.reporters.JUnitXMLReporter -->
<testsuite hostname="Kaushik-PC" ignored="0" name="google feature test" tests="25" failures="0" timestamp="21 Oct 2020 00:06:02 GMT" time="50.364" errors="0">
  <testcase name="test1" time="0.022" classname="googleTest.ExceptionTimeOut"/>
  <testcase name="GamilTest" time="0.302" classname="googleTest.GoogleTest"/>
  <testcase name="Test1" time="0.003" classname="googleTest.GoogleTest"/>
  <testcase name="Test2" time="0.002" classname="googleTest.GoogleTest"/>
  <testcase name="getTitle" time="0.011" classname="googleTest.GoogleTest"/>
  <testcase name="googleLogoTest" time="0.141" classname="googleTest.GoogleTest"/>
  <testcase name="testCount" time="0.004" classname="googleTest.InvocationCountTest"/>
  <testcase name="testCount" time="0.002" classname="googleTest.InvocationCountTest"/>
  <testcase name="testCount" time="0.002" classname="googleTest.InvocationCountTest"/>
  <testcase name="testCount" time="0.002" classname="googleTest.InvocationCountTest"/>
  <testcase name="testCount" time="0.01" classname="googleTest.InvocationCountTest"/>
  <testcase name="testCount" time="0.008" classname="googleTest.InvocationCountTest"/>
  <testcase name="testCount" time="0.002" classname="googleTest.InvocationCountTest"/>
  <testcase name="testCount" time="0.001" classname="googleTest.InvocationCountTest"/>
  <testcase name="testCount" time="0.001" classname="googleTest.InvocationCountTest"/>
  <testcase name="testCount" time="0.001" classname="googleTest.InvocationCountTest"/>
  <testcase name="Test1" time="0.004" classname="googleTest.TestngBasics"/>
  <testcase name="Test2" time="0.004" classname="googleTest.TestngBasics"/>
  <testcase name="Test3" time="0.001" classname="googleTest.TestngBasics"/>
  <testcase name="loginPage" time="0.001" classname="googleTest.TestNGFeatures"/>
  <testcase name="homePage" time="0.001" classname="googleTest.TestNGFeatures"/>
  <testcase name="searchPage" time="0.001" classname="googleTest.TestNGFeatures"/>
  <testcase name="loginPage" time="0.001" classname="googleTest.TestngBasics"/>
  <testcase name="homePage" time="0.002" classname="googleTest.TestngBasics"/>
  <testcase name="searchPage" time="0.004" classname="googleTest.TestngBasics"/>
</testsuite> <!-- google feature test -->
